12 Nov 2018 15:51:39,863 INFO  [pool-1-thread-3] DemoHandler     - processUserLoginSuccess, userId = 2
12 Nov 2018 15:51:39,874 INFO  [bitzero.server.controllers.ExtensionController-2] DemoHandler     - get name = username_2
12 Nov 2018 15:51:41,876 INFO  [bitzero.server.controllers.ExtensionController-3] DemoHandler     - set new name = new-name
12 Nov 2018 15:51:43,874 INFO  [bitzero.server.controllers.ExtensionController-4] DemoHandler     - get name = new-name
12 Nov 2018 16:31:39,411 WARN  [pool-1-thread-3] DemoHandler     - processUserLoginSuccess, name = Fresher2
12 Nov 2018 16:31:39,418 INFO  [bitzero.server.controllers.ExtensionController-2] DemoHandler     - get name = username_2
12 Nov 2018 16:31:41,425 INFO  [bitzero.server.controllers.ExtensionController-3] DemoHandler     - set new name = new-name
12 Nov 2018 16:31:43,422 INFO  [bitzero.server.controllers.ExtensionController-4] DemoHandler     - get name = new-name
16 Jun 2020 14:12:36,791 WARN  [pool-1-thread-4] DemoHandler     - processUserLoginSuccess, name = Fresher2
16 Jun 2020 14:12:58,030 WARN  [pool-1-thread-11] DemoHandler     - processUserLoginSuccess, name = Fresher3
16 Jun 2020 14:20:10,397 WARN  [pool-1-thread-18] DemoHandler     - processUserLoginSuccess, name = Fresher4
16 Jun 2020 14:20:36,441 WARN  [pool-1-thread-3] DemoHandler     - processUserLoginSuccess, name = Fresher5
16 Jun 2020 14:21:36,646 WARN  [pool-1-thread-6] DemoHandler     - processUserLoginSuccess, name = Fresher6
16 Jun 2020 14:25:52,353 WARN  [pool-1-thread-4] DemoHandler     - processUserLoginSuccess, name = X
16 Jun 2020 14:28:55,111 WARN  [pool-1-thread-4] DemoHandler     - processUserLoginSuccess, name = X
16 Jun 2020 14:31:39,589 WARN  [pool-1-thread-11] DemoHandler     - processUserLoginSuccess, name = X
16 Jun 2020 14:34:27,559 WARN  [pool-1-thread-4] DemoHandler     - processUserLoginSuccess, name = Fresher2
16 Jun 2020 14:35:10,150 WARN  [pool-1-thread-11] DemoHandler     - processUserLoginSuccess, name = Fresher3
16 Jun 2020 14:37:19,589 WARN  [pool-1-thread-18] DemoHandler     - processUserLoginSuccess, name = Fresher4
16 Jun 2020 14:37:59,492 WARN  [pool-1-thread-3] DemoHandler     - processUserLoginSuccess, name = Fresher5
16 Jun 2020 14:38:24,550 WARN  [pool-1-thread-6] DemoHandler     - processUserLoginSuccess, name = Fresher6
16 Jun 2020 14:41:08,612 WARN  [pool-1-thread-17] DemoHandler     - processUserLoginSuccess, name = Fresher7
16 Jun 2020 14:43:00,909 WARN  [pool-1-thread-4] DemoHandler     - processUserLoginSuccess, name = Fresher8
16 Jun 2020 14:54:11,529 WARN  [pool-1-thread-13] DemoHandler     - processUserLoginSuccess, name = Fresher9
16 Jun 2020 14:55:44,392 WARN  [pool-1-thread-18] DemoHandler     - processUserLoginSuccess, name = Fresher10
16 Jun 2020 14:58:02,899 WARN  [pool-1-thread-3] DemoHandler     - processUserLoginSuccess, name = Fresher11
16 Jun 2020 14:58:44,021 WARN  [pool-1-thread-11] DemoHandler     - processUserLoginSuccess, name = Fresher12
16 Jun 2020 14:59:10,451 WARN  [pool-1-thread-19] DemoHandler     - processUserLoginSuccess, name = Fresher13
16 Jun 2020 14:59:50,848 WARN  [pool-1-thread-7] DemoHandler     - processUserLoginSuccess, name = Fresher14
16 Jun 2020 15:00:47,930 WARN  [pool-1-thread-13] DemoHandler     - processUserLoginSuccess, name = Fresher15
16 Jun 2020 15:01:35,882 WARN  [pool-1-thread-18] DemoHandler     - processUserLoginSuccess, name = Fresher16
16 Jun 2020 15:03:26,340 WARN  [pool-1-thread-3] DemoHandler     - processUserLoginSuccess, name = Fresher17
16 Jun 2020 15:06:42,618 WARN  [pool-1-thread-15] DemoHandler     - processUserLoginSuccess, name = Fresher18
16 Jun 2020 15:14:54,513 WARN  [pool-1-thread-19] DemoHandler     - processUserLoginSuccess, name = Fresher19
16 Jun 2020 15:15:14,722 WARN  [pool-1-thread-4] DemoHandler     - processUserLoginSuccess, name = Fresher20
16 Jun 2020 15:15:41,954 WARN  [pool-1-thread-16] DemoHandler     - processUserLoginSuccess, name = Fresher21
16 Jun 2020 15:20:44,232 WARN  [pool-1-thread-4] DemoHandler     - processUserLoginSuccess, name = Fresher2
16 Jun 2020 15:21:33,017 WARN  [pool-1-thread-8] DemoHandler     - processUserLoginSuccess, name = Fresher3
16 Jun 2020 15:33:09,884 WARN  [pool-1-thread-4] DemoHandler     - processUserLoginSuccess, name = Fresher2
16 Jun 2020 15:49:02,798 WARN  [pool-1-thread-11] DemoHandler     - processUserLoginSuccess, name = Fresher3
16 Jun 2020 17:38:42,119 WARN  [pool-1-thread-4] DemoHandler     - processUserLoginSuccess, name = Fresher2
16 Jun 2020 17:52:40,258 WARN  [pool-1-thread-4] DemoHandler     - processUserLoginSuccess, name = Fresher2
